26353.7734375 8979.62890625
6332.23486328125 4535.2998046875
4134.52734375 3450.995849609375
3258.1396484375 2729.614501953125
2614.82568359375 2223.9794921875
2160.3427734375 1892.7923583984375
1842.3577880859375 1658.3414306640625
1635.003662109375 1521.052734375
1504.696044921875 1428.8289794921875
1420.3123779296875 1367.5478515625
1343.44921875 1303.0572509765625
1293.55078125 1267.66357421875
1235.9881591796875 1217.2349853515625
1192.8133544921875 1208.4744873046875
1149.5274658203125 1147.5299072265625
1117.4024658203125 1117.8087158203125
1088.435791015625 1099.0496826171875
1059.4071044921875 1048.76611328125
1038.343017578125 1052.37646484375
1007.05224609375 1016.7515258789062
984.0225830078125 988.7613525390625
956.3247680664062 942.1699829101562
929.1793212890625 925.9218139648438
910.09375 900.3905029296875
886.8856811523438 875.3992919921875
861.6453247070312 869.2471923828125
837.2313232421875 834.4741821289062
821.5968627929688 808.1730346679688
797.5542602539062 813.0660400390625
781.4154052734375 777.6300048828125
